<?xml version="1.0" encoding="UTF-8"?>
<testsuite xmlns:xsi="http://www.w3.org/2001/XMLSchema-instance" xsi:noNamespaceSchemaLocation="https://maven.apache.org/surefire/maven-surefire-plugin/xsd/surefire-test-report-3.0.xsd" version="3.0" name="com.example.products.ProductoControllerTest" time="2.759" tests="6" errors="0" skipped="0" failures="0">
  <properties>
    <property name="java.specification.version" value="21"/>
    <property name="sun.cpu.isalist" value="amd64"/>
    <property name="sun.jnu.encoding" value="Cp1252"/>
    <property name="java.class.path" value="C:\Users\denar\Downloads\products\products\target\test-classes;C:\Users\denar\Downloads\products\products\target\classes;C:\Users\denar\.m2\repository\org\springframework\boot\spring-boot-starter-web\3.2.11-SNAPSHOT\spring-boot-starter-web-3.2.11-SNAPSHOT.jar;C:\Users\denar\.m2\repository\org\springframework\boot\spring-boot-starter\3.2.11-SNAPSHOT\spring-boot-starter-3.2.11-SNAPSHOT.jar;C:\Users\denar\.m2\repository\org\springframework\boot\spring-boot\3.2.11-SNAPSHOT\spring-boot-3.2.11-SNAPSHOT.jar;C:\Users\denar\.m2\repository\org\springframework\boot\spring-boot-autoconfigure\3.2.11-SNAPSHOT\spring-boot-autoconfigure-3.2.11-SNAPSHOT.jar;C:\Users\denar\.m2\repository\org\springframework\boot\spring-boot-starter-logging\3.2.11-SNAPSHOT\spring-boot-starter-logging-3.2.11-SNAPSHOT.jar;C:\Users\denar\.m2\repository\ch\qos\logback\logback-classic\1.4.14\logback-classic-1.4.14.jar;C:\Users\denar\.m2\repository\ch\qos\logback\logback-core\1.4.14\logback-core-1.4.14.jar;C:\Users\denar\.m2\repository\org\apache\logging\log4j\log4j-to-slf4j\2.21.1\log4j-to-slf4j-2.21.1.jar;C:\Users\denar\.m2\repository\org\apache\logging\log4j\log4j-api\2.21.1\log4j-api-2.21.1.jar;C:\Users\denar\.m2\repository\org\slf4j\jul-to-slf4j\2.0.16\jul-to-slf4j-2.0.16.jar;C:\Users\denar\.m2\repository\jakarta\annotation\jakarta.annotation-api\2.1.1\jakarta.annotation-api-2.1.1.jar;C:\Users\denar\.m2\repository\org\yaml\snakeyaml\2.2\snakeyaml-2.2.jar;C:\Users\denar\.m2\repository\org\springframework\boot\spring-boot-starter-json\3.2.11-SNAPSHOT\spring-boot-starter-json-3.2.11-SNAPSHOT.jar;C:\Users\denar\.m2\repository\com\fasterxml\jackson\core\jackson-databind\2.15.4\jackson-databind-2.15.4.jar;C:\Users\denar\.m2\repository\com\fasterxml\jackson\core\jackson-annotations\2.15.4\jackson-annotations-2.15.4.jar;C:\Users\denar\.m2\repository\com\fasterxml\jackson\core\jackson-core\2.15.4\jackson-core-2.15.4.jar;C:\Users\denar\.m2\repository\com\fasterxml\jackson\datatype\jackson-datatype-jdk8\2.15.4\jackson-datatype-jdk8-2.15.4.jar;C:\Users\denar\.m2\repository\com\fasterxml\jackson\datatype\jackson-datatype-jsr310\2.15.4\jackson-datatype-jsr310-2.15.4.jar;C:\Users\denar\.m2\repository\com\fasterxml\jackson\module\jackson-module-parameter-names\2.15.4\jackson-module-parameter-names-2.15.4.jar;C:\Users\denar\.m2\repository\org\springframework\boot\spring-boot-starter-tomcat\3.2.11-SNAPSHOT\spring-boot-starter-tomcat-3.2.11-SNAPSHOT.jar;C:\Users\denar\.m2\repository\org\apache\tomcat\embed\tomcat-embed-core\10.1.31\tomcat-embed-core-10.1.31.jar;C:\Users\denar\.m2\repository\org\apache\tomcat\embed\tomcat-embed-el\10.1.31\tomcat-embed-el-10.1.31.jar;C:\Users\denar\.m2\repository\org\apache\tomcat\embed\tomcat-embed-websocket\10.1.31\tomcat-embed-websocket-10.1.31.jar;C:\Users\denar\.m2\repository\org\springframework\spring-web\6.1.14-SNAPSHOT\spring-web-6.1.14-SNAPSHOT.jar;C:\Users\denar\.m2\repository\org\springframework\spring-beans\6.1.14-SNAPSHOT\spring-beans-6.1.14-SNAPSHOT.jar;C:\Users\denar\.m2\repository\io\micrometer\micrometer-observation\1.12.11\micrometer-observation-1.12.11.jar;C:\Users\denar\.m2\repository\io\micrometer\micrometer-commons\1.12.11\micrometer-commons-1.12.11.jar;C:\Users\denar\.m2\repository\org\springframework\spring-webmvc\6.1.14-SNAPSHOT\spring-webmvc-6.1.14-SNAPSHOT.jar;C:\Users\denar\.m2\repository\org\springframework\spring-aop\6.1.14-SNAPSHOT\spring-aop-6.1.14-SNAPSHOT.jar;C:\Users\denar\.m2\repository\org\springframework\spring-context\6.1.14-SNAPSHOT\spring-context-6.1.14-SNAPSHOT.jar;C:\Users\denar\.m2\repository\org\springframework\spring-expression\6.1.14-SNAPSHOT\spring-expression-6.1.14-SNAPSHOT.jar;C:\Users\denar\.m2\repository\com\h2database\h2\2.2.224\h2-2.2.224.jar;C:\Users\denar\.m2\repository\org\projectlombok\lombok\1.18.34\lombok-1.18.34.jar;C:\Users\denar\.m2\repository\org\springframework\boot\spring-boot-starter-test\3.2.11-SNAPSHOT\spring-boot-starter-test-3.2.11-SNAPSHOT.jar;C:\Users\denar\.m2\repository\org\springframework\boot\spring-boot-test\3.2.11-SNAPSHOT\spring-boot-test-3.2.11-SNAPSHOT.jar;C:\Users\denar\.m2\repository\org\springframework\boot\spring-boot-test-autoconfigure\3.2.11-SNAPSHOT\spring-boot-test-autoconfigure-3.2.11-SNAPSHOT.jar;C:\Users\denar\.m2\repository\com\jayway\jsonpath\json-path\2.9.0\json-path-2.9.0.jar;C:\Users\denar\.m2\repository\org\slf4j\slf4j-api\2.0.16\slf4j-api-2.0.16.jar;C:\Users\denar\.m2\repository\jakarta\xml\bind\jakarta.xml.bind-api\4.0.2\jakarta.xml.bind-api-4.0.2.jar;C:\Users\denar\.m2\repository\jakarta\activation\jakarta.activation-api\2.1.3\jakarta.activation-api-2.1.3.jar;C:\Users\denar\.m2\repository\net\minidev\json-smart\2.5.1\json-smart-2.5.1.jar;C:\Users\denar\.m2\repository\net\minidev\accessors-smart\2.5.1\accessors-smart-2.5.1.jar;C:\Users\denar\.m2\repository\org\ow2\asm\asm\9.6\asm-9.6.jar;C:\Users\denar\.m2\repository\org\assertj\assertj-core\3.24.2\assertj-core-3.24.2.jar;C:\Users\denar\.m2\repository\net\bytebuddy\byte-buddy\1.14.19\byte-buddy-1.14.19.jar;C:\Users\denar\.m2\repository\org\awaitility\awaitility\4.2.2\awaitility-4.2.2.jar;C:\Users\denar\.m2\repository\org\hamcrest\hamcrest\2.2\hamcrest-2.2.jar;C:\Users\denar\.m2\repository\org\junit\jupiter\junit-jupiter\5.10.5\junit-jupiter-5.10.5.jar;C:\Users\denar\.m2\repository\org\junit\jupiter\junit-jupiter-api\5.10.5\junit-jupiter-api-5.10.5.jar;C:\Users\denar\.m2\repository\org\opentest4j\opentest4j\1.3.0\opentest4j-1.3.0.jar;C:\Users\denar\.m2\repository\org\junit\platform\junit-platform-commons\1.10.5\junit-platform-commons-1.10.5.jar;C:\Users\denar\.m2\repository\org\apiguardian\apiguardian-api\1.1.2\apiguardian-api-1.1.2.jar;C:\Users\denar\.m2\repository\org\junit\jupiter\junit-jupiter-params\5.10.5\junit-jupiter-params-5.10.5.jar;C:\Users\denar\.m2\repository\org\junit\jupiter\junit-jupiter-engine\5.10.5\junit-jupiter-engine-5.10.5.jar;C:\Users\denar\.m2\repository\org\junit\platform\junit-platform-engine\1.10.5\junit-platform-engine-1.10.5.jar;C:\Users\denar\.m2\repository\org\mockito\mockito-core\5.7.0\mockito-core-5.7.0.jar;C:\Users\denar\.m2\repository\net\bytebuddy\byte-buddy-agent\1.14.19\byte-buddy-agent-1.14.19.jar;C:\Users\denar\.m2\repository\org\objenesis\objenesis\3.3\objenesis-3.3.jar;C:\Users\denar\.m2\repository\org\mockito\mockito-junit-jupiter\5.7.0\mockito-junit-jupiter-5.7.0.jar;C:\Users\denar\.m2\repository\org\skyscreamer\jsonassert\1.5.3\jsonassert-1.5.3.jar;C:\Users\denar\.m2\repository\com\vaadin\external\google\android-json\0.0.20131108.vaadin1\android-json-0.0.20131108.vaadin1.jar;C:\Users\denar\.m2\repository\org\springframework\spring-core\6.1.14-SNAPSHOT\spring-core-6.1.14-SNAPSHOT.jar;C:\Users\denar\.m2\repository\org\springframework\spring-jcl\6.1.14-SNAPSHOT\spring-jcl-6.1.14-SNAPSHOT.jar;C:\Users\denar\.m2\repository\org\springframework\spring-test\6.1.14-SNAPSHOT\spring-test-6.1.14-SNAPSHOT.jar;C:\Users\denar\.m2\repository\org\xmlunit\xmlunit-core\2.9.1\xmlunit-core-2.9.1.jar;C:\Users\denar\.m2\repository\org\springdoc\springdoc-openapi-ui\1.8.0\springdoc-openapi-ui-1.8.0.jar;C:\Users\denar\.m2\repository\org\springdoc\springdoc-openapi-webmvc-core\1.8.0\springdoc-openapi-webmvc-core-1.8.0.jar;C:\Users\denar\.m2\repository\org\springdoc\springdoc-openapi-common\1.8.0\springdoc-openapi-common-1.8.0.jar;C:\Users\denar\.m2\repository\io\swagger\core\v3\swagger-core\2.2.20\swagger-core-2.2.20.jar;C:\Users\denar\.m2\repository\org\apache\commons\commons-lang3\3.13.0\commons-lang3-3.13.0.jar;C:\Users\denar\.m2\repository\com\fasterxml\jackson\dataformat\jackson-dataformat-yaml\2.15.4\jackson-dataformat-yaml-2.15.4.jar;C:\Users\denar\.m2\repository\io\swagger\core\v3\swagger-annotations\2.2.20\swagger-annotations-2.2.20.jar;C:\Users\denar\.m2\repository\io\swagger\core\v3\swagger-models\2.2.20\swagger-models-2.2.20.jar;C:\Users\denar\.m2\repository\jakarta\validation\jakarta.validation-api\3.0.2\jakarta.validation-api-3.0.2.jar;C:\Users\denar\.m2\repository\org\webjars\swagger-ui\5.11.8\swagger-ui-5.11.8.jar;C:\Users\denar\.m2\repository\org\springframework\boot\spring-boot-starter-data-jpa\3.2.11-SNAPSHOT\spring-boot-starter-data-jpa-3.2.11-SNAPSHOT.jar;C:\Users\denar\.m2\repository\org\springframework\boot\spring-boot-starter-aop\3.2.11-SNAPSHOT\spring-boot-starter-aop-3.2.11-SNAPSHOT.jar;C:\Users\denar\.m2\repository\org\aspectj\aspectjweaver\1.9.22.1\aspectjweaver-1.9.22.1.jar;C:\Users\denar\.m2\repository\org\springframework\boot\spring-boot-starter-jdbc\3.2.11-SNAPSHOT\spring-boot-starter-jdbc-3.2.11-SNAPSHOT.jar;C:\Users\denar\.m2\repository\com\zaxxer\HikariCP\5.0.1\HikariCP-5.0.1.jar;C:\Users\denar\.m2\repository\org\springframework\spring-jdbc\6.1.14-SNAPSHOT\spring-jdbc-6.1.14-SNAPSHOT.jar;C:\Users\denar\.m2\repository\org\hibernate\orm\hibernate-core\6.4.10.Final\hibernate-core-6.4.10.Final.jar;C:\Users\denar\.m2\repository\jakarta\persistence\jakarta.persistence-api\3.1.0\jakarta.persistence-api-3.1.0.jar;C:\Users\denar\.m2\repository\jakarta\transaction\jakarta.transaction-api\2.0.1\jakarta.transaction-api-2.0.1.jar;C:\Users\denar\.m2\repository\org\jboss\logging\jboss-logging\3.5.3.Final\jboss-logging-3.5.3.Final.jar;C:\Users\denar\.m2\repository\org\hibernate\common\hibernate-commons-annotations\6.0.6.Final\hibernate-commons-annotations-6.0.6.Final.jar;C:\Users\denar\.m2\repository\io\smallrye\jandex\3.1.2\jandex-3.1.2.jar;C:\Users\denar\.m2\repository\com\fasterxml\classmate\1.6.0\classmate-1.6.0.jar;C:\Users\denar\.m2\repository\org\glassfish\jaxb\jaxb-runtime\4.0.5\jaxb-runtime-4.0.5.jar;C:\Users\denar\.m2\repository\org\glassfish\jaxb\jaxb-core\4.0.5\jaxb-core-4.0.5.jar;C:\Users\denar\.m2\repository\org\eclipse\angus\angus-activation\2.0.2\angus-activation-2.0.2.jar;C:\Users\denar\.m2\repository\org\glassfish\jaxb\txw2\4.0.5\txw2-4.0.5.jar;C:\Users\denar\.m2\repository\com\sun\istack\istack-commons-runtime\4.1.2\istack-commons-runtime-4.1.2.jar;C:\Users\denar\.m2\repository\jakarta\inject\jakarta.inject-api\2.0.1\jakarta.inject-api-2.0.1.jar;C:\Users\denar\.m2\repository\org\antlr\antlr4-runtime\4.13.0\antlr4-runtime-4.13.0.jar;C:\Users\denar\.m2\repository\org\springframework\data\spring-data-jpa\3.2.11-SNAPSHOT\spring-data-jpa-3.2.11-SNAPSHOT.jar;C:\Users\denar\.m2\repository\org\springframework\data\spring-data-commons\3.2.11-SNAPSHOT\spring-data-commons-3.2.11-SNAPSHOT.jar;C:\Users\denar\.m2\repository\org\springframework\spring-orm\6.1.14-SNAPSHOT\spring-orm-6.1.14-SNAPSHOT.jar;C:\Users\denar\.m2\repository\org\springframework\spring-tx\6.1.14-SNAPSHOT\spring-tx-6.1.14-SNAPSHOT.jar;C:\Users\denar\.m2\repository\org\springframework\spring-aspects\6.1.14-SNAPSHOT\spring-aspects-6.1.14-SNAPSHOT.jar;C:\Users\denar\.m2\repository\junit\junit\4.13.1\junit-4.13.1.jar;C:\Users\denar\.m2\repository\org\hamcrest\hamcrest-core\2.2\hamcrest-core-2.2.jar;"/>
    <property name="java.vm.vendor" value="Oracle Corporation"/>
    <property name="sun.arch.data.model" value="64"/>
    <property name="user.variant" value=""/>
    <property name="java.vendor.url" value="https://java.oracle.com/"/>
    <property name="user.timezone" value="America/Bogota"/>
    <property name="os.name" value="Windows 11"/>
    <property name="java.vm.specification.version" value="21"/>
    <property name="sun.java.launcher" value="SUN_STANDARD"/>
    <property name="user.country" value="CO"/>
    <property name="sun.boot.library.path" value="C:\Program Files\Java\jdk-21\bin"/>
    <property name="sun.java.command" value="C:\Users\denar\AppData\Local\Temp\surefire14614724013743598045\surefirebooter-20241016212406008_3.jar C:\Users\denar\AppData\Local\Temp\surefire14614724013743598045 2024-10-16T21-24-05_829-jvmRun1 surefire-20241016212406008_1tmp surefire_0-20241016212406008_2tmp"/>
    <property name="jdk.debug" value="release"/>
    <property name="surefire.test.class.path" value="C:\Users\denar\Downloads\products\products\target\test-classes;C:\Users\denar\Downloads\products\products\target\classes;C:\Users\denar\.m2\repository\org\springframework\boot\spring-boot-starter-web\3.2.11-SNAPSHOT\spring-boot-starter-web-3.2.11-SNAPSHOT.jar;C:\Users\denar\.m2\repository\org\springframework\boot\spring-boot-starter\3.2.11-SNAPSHOT\spring-boot-starter-3.2.11-SNAPSHOT.jar;C:\Users\denar\.m2\repository\org\springframework\boot\spring-boot\3.2.11-SNAPSHOT\spring-boot-3.2.11-SNAPSHOT.jar;C:\Users\denar\.m2\repository\org\springframework\boot\spring-boot-autoconfigure\3.2.11-SNAPSHOT\spring-boot-autoconfigure-3.2.11-SNAPSHOT.jar;C:\Users\denar\.m2\repository\org\springframework\boot\spring-boot-starter-logging\3.2.11-SNAPSHOT\spring-boot-starter-logging-3.2.11-SNAPSHOT.jar;C:\Users\denar\.m2\repository\ch\qos\logback\logback-classic\1.4.14\logback-classic-1.4.14.jar;C:\Users\denar\.m2\repository\ch\qos\logback\logback-core\1.4.14\logback-core-1.4.14.jar;C:\Users\denar\.m2\repository\org\apache\logging\log4j\log4j-to-slf4j\2.21.1\log4j-to-slf4j-2.21.1.jar;C:\Users\denar\.m2\repository\org\apache\logging\log4j\log4j-api\2.21.1\log4j-api-2.21.1.jar;C:\Users\denar\.m2\repository\org\slf4j\jul-to-slf4j\2.0.16\jul-to-slf4j-2.0.16.jar;C:\Users\denar\.m2\repository\jakarta\annotation\jakarta.annotation-api\2.1.1\jakarta.annotation-api-2.1.1.jar;C:\Users\denar\.m2\repository\org\yaml\snakeyaml\2.2\snakeyaml-2.2.jar;C:\Users\denar\.m2\repository\org\springframework\boot\spring-boot-starter-json\3.2.11-SNAPSHOT\spring-boot-starter-json-3.2.11-SNAPSHOT.jar;C:\Users\denar\.m2\repository\com\fasterxml\jackson\core\jackson-databind\2.15.4\jackson-databind-2.15.4.jar;C:\Users\denar\.m2\repository\com\fasterxml\jackson\core\jackson-annotations\2.15.4\jackson-annotations-2.15.4.jar;C:\Users\denar\.m2\repository\com\fasterxml\jackson\core\jackson-core\2.15.4\jackson-core-2.15.4.jar;C:\Users\denar\.m2\repository\com\fasterxml\jackson\datatype\jackson-datatype-jdk8\2.15.4\jackson-datatype-jdk8-2.15.4.jar;C:\Users\denar\.m2\repository\com\fasterxml\jackson\datatype\jackson-datatype-jsr310\2.15.4\jackson-datatype-jsr310-2.15.4.jar;C:\Users\denar\.m2\repository\com\fasterxml\jackson\module\jackson-module-parameter-names\2.15.4\jackson-module-parameter-names-2.15.4.jar;C:\Users\denar\.m2\repository\org\springframework\boot\spring-boot-starter-tomcat\3.2.11-SNAPSHOT\spring-boot-starter-tomcat-3.2.11-SNAPSHOT.jar;C:\Users\denar\.m2\repository\org\apache\tomcat\embed\tomcat-embed-core\10.1.31\tomcat-embed-core-10.1.31.jar;C:\Users\denar\.m2\repository\org\apache\tomcat\embed\tomcat-embed-el\10.1.31\tomcat-embed-el-10.1.31.jar;C:\Users\denar\.m2\repository\org\apache\tomcat\embed\tomcat-embed-websocket\10.1.31\tomcat-embed-websocket-10.1.31.jar;C:\Users\denar\.m2\repository\org\springframework\spring-web\6.1.14-SNAPSHOT\spring-web-6.1.14-SNAPSHOT.jar;C:\Users\denar\.m2\repository\org\springframework\spring-beans\6.1.14-SNAPSHOT\spring-beans-6.1.14-SNAPSHOT.jar;C:\Users\denar\.m2\repository\io\micrometer\micrometer-observation\1.12.11\micrometer-observation-1.12.11.jar;C:\Users\denar\.m2\repository\io\micrometer\micrometer-commons\1.12.11\micrometer-commons-1.12.11.jar;C:\Users\denar\.m2\repository\org\springframework\spring-webmvc\6.1.14-SNAPSHOT\spring-webmvc-6.1.14-SNAPSHOT.jar;C:\Users\denar\.m2\repository\org\springframework\spring-aop\6.1.14-SNAPSHOT\spring-aop-6.1.14-SNAPSHOT.jar;C:\Users\denar\.m2\repository\org\springframework\spring-context\6.1.14-SNAPSHOT\spring-context-6.1.14-SNAPSHOT.jar;C:\Users\denar\.m2\repository\org\springframework\spring-expression\6.1.14-SNAPSHOT\spring-expression-6.1.14-SNAPSHOT.jar;C:\Users\denar\.m2\repository\com\h2database\h2\2.2.224\h2-2.2.224.jar;C:\Users\denar\.m2\repository\org\projectlombok\lombok\1.18.34\lombok-1.18.34.jar;C:\Users\denar\.m2\repository\org\springframework\boot\spring-boot-starter-test\3.2.11-SNAPSHOT\spring-boot-starter-test-3.2.11-SNAPSHOT.jar;C:\Users\denar\.m2\repository\org\springframework\boot\spring-boot-test\3.2.11-SNAPSHOT\spring-boot-test-3.2.11-SNAPSHOT.jar;C:\Users\denar\.m2\repository\org\springframework\boot\spring-boot-test-autoconfigure\3.2.11-SNAPSHOT\spring-boot-test-autoconfigure-3.2.11-SNAPSHOT.jar;C:\Users\denar\.m2\repository\com\jayway\jsonpath\json-path\2.9.0\json-path-2.9.0.jar;C:\Users\denar\.m2\repository\org\slf4j\slf4j-api\2.0.16\slf4j-api-2.0.16.jar;C:\Users\denar\.m2\repository\jakarta\xml\bind\jakarta.xml.bind-api\4.0.2\jakarta.xml.bind-api-4.0.2.jar;C:\Users\denar\.m2\repository\jakarta\activation\jakarta.activation-api\2.1.3\jakarta.activation-api-2.1.3.jar;C:\Users\denar\.m2\repository\net\minidev\json-smart\2.5.1\json-smart-2.5.1.jar;C:\Users\denar\.m2\repository\net\minidev\accessors-smart\2.5.1\accessors-smart-2.5.1.jar;C:\Users\denar\.m2\repository\org\ow2\asm\asm\9.6\asm-9.6.jar;C:\Users\denar\.m2\repository\org\assertj\assertj-core\3.24.2\assertj-core-3.24.2.jar;C:\Users\denar\.m2\repository\net\bytebuddy\byte-buddy\1.14.19\byte-buddy-1.14.19.jar;C:\Users\denar\.m2\repository\org\awaitility\awaitility\4.2.2\awaitility-4.2.2.jar;C:\Users\denar\.m2\repository\org\hamcrest\hamcrest\2.2\hamcrest-2.2.jar;C:\Users\denar\.m2\repository\org\junit\jupiter\junit-jupiter\5.10.5\junit-jupiter-5.10.5.jar;C:\Users\denar\.m2\repository\org\junit\jupiter\junit-jupiter-api\5.10.5\junit-jupiter-api-5.10.5.jar;C:\Users\denar\.m2\repository\org\opentest4j\opentest4j\1.3.0\opentest4j-1.3.0.jar;C:\Users\denar\.m2\repository\org\junit\platform\junit-platform-commons\1.10.5\junit-platform-commons-1.10.5.jar;C:\Users\denar\.m2\repository\org\apiguardian\apiguardian-api\1.1.2\apiguardian-api-1.1.2.jar;C:\Users\denar\.m2\repository\org\junit\jupiter\junit-jupiter-params\5.10.5\junit-jupiter-params-5.10.5.jar;C:\Users\denar\.m2\repository\org\junit\jupiter\junit-jupiter-engine\5.10.5\junit-jupiter-engine-5.10.5.jar;C:\Users\denar\.m2\repository\org\junit\platform\junit-platform-engine\1.10.5\junit-platform-engine-1.10.5.jar;C:\Users\denar\.m2\repository\org\mockito\mockito-core\5.7.0\mockito-core-5.7.0.jar;C:\Users\denar\.m2\repository\net\bytebuddy\byte-buddy-agent\1.14.19\byte-buddy-agent-1.14.19.jar;C:\Users\denar\.m2\repository\org\objenesis\objenesis\3.3\objenesis-3.3.jar;C:\Users\denar\.m2\repository\org\mockito\mockito-junit-jupiter\5.7.0\mockito-junit-jupiter-5.7.0.jar;C:\Users\denar\.m2\repository\org\skyscreamer\jsonassert\1.5.3\jsonassert-1.5.3.jar;C:\Users\denar\.m2\repository\com\vaadin\external\google\android-json\0.0.20131108.vaadin1\android-json-0.0.20131108.vaadin1.jar;C:\Users\denar\.m2\repository\org\springframework\spring-core\6.1.14-SNAPSHOT\spring-core-6.1.14-SNAPSHOT.jar;C:\Users\denar\.m2\repository\org\springframework\spring-jcl\6.1.14-SNAPSHOT\spring-jcl-6.1.14-SNAPSHOT.jar;C:\Users\denar\.m2\repository\org\springframework\spring-test\6.1.14-SNAPSHOT\spring-test-6.1.14-SNAPSHOT.jar;C:\Users\denar\.m2\repository\org\xmlunit\xmlunit-core\2.9.1\xmlunit-core-2.9.1.jar;C:\Users\denar\.m2\repository\org\springdoc\springdoc-openapi-ui\1.8.0\springdoc-openapi-ui-1.8.0.jar;C:\Users\denar\.m2\repository\org\springdoc\springdoc-openapi-webmvc-core\1.8.0\springdoc-openapi-webmvc-core-1.8.0.jar;C:\Users\denar\.m2\repository\org\springdoc\springdoc-openapi-common\1.8.0\springdoc-openapi-common-1.8.0.jar;C:\Users\denar\.m2\repository\io\swagger\core\v3\swagger-core\2.2.20\swagger-core-2.2.20.jar;C:\Users\denar\.m2\repository\org\apache\commons\commons-lang3\3.13.0\commons-lang3-3.13.0.jar;C:\Users\denar\.m2\repository\com\fasterxml\jackson\dataformat\jackson-dataformat-yaml\2.15.4\jackson-dataformat-yaml-2.15.4.jar;C:\Users\denar\.m2\repository\io\swagger\core\v3\swagger-annotations\2.2.20\swagger-annotations-2.2.20.jar;C:\Users\denar\.m2\repository\io\swagger\core\v3\swagger-models\2.2.20\swagger-models-2.2.20.jar;C:\Users\denar\.m2\repository\jakarta\validation\jakarta.validation-api\3.0.2\jakarta.validation-api-3.0.2.jar;C:\Users\denar\.m2\repository\org\webjars\swagger-ui\5.11.8\swagger-ui-5.11.8.jar;C:\Users\denar\.m2\repository\org\springframework\boot\spring-boot-starter-data-jpa\3.2.11-SNAPSHOT\spring-boot-starter-data-jpa-3.2.11-SNAPSHOT.jar;C:\Users\denar\.m2\repository\org\springframework\boot\spring-boot-starter-aop\3.2.11-SNAPSHOT\spring-boot-starter-aop-3.2.11-SNAPSHOT.jar;C:\Users\denar\.m2\repository\org\aspectj\aspectjweaver\1.9.22.1\aspectjweaver-1.9.22.1.jar;C:\Users\denar\.m2\repository\org\springframework\boot\spring-boot-starter-jdbc\3.2.11-SNAPSHOT\spring-boot-starter-jdbc-3.2.11-SNAPSHOT.jar;C:\Users\denar\.m2\repository\com\zaxxer\HikariCP\5.0.1\HikariCP-5.0.1.jar;C:\Users\denar\.m2\repository\org\springframework\spring-jdbc\6.1.14-SNAPSHOT\spring-jdbc-6.1.14-SNAPSHOT.jar;C:\Users\denar\.m2\repository\org\hibernate\orm\hibernate-core\6.4.10.Final\hibernate-core-6.4.10.Final.jar;C:\Users\denar\.m2\repository\jakarta\persistence\jakarta.persistence-api\3.1.0\jakarta.persistence-api-3.1.0.jar;C:\Users\denar\.m2\repository\jakarta\transaction\jakarta.transaction-api\2.0.1\jakarta.transaction-api-2.0.1.jar;C:\Users\denar\.m2\repository\org\jboss\logging\jboss-logging\3.5.3.Final\jboss-logging-3.5.3.Final.jar;C:\Users\denar\.m2\repository\org\hibernate\common\hibernate-commons-annotations\6.0.6.Final\hibernate-commons-annotations-6.0.6.Final.jar;C:\Users\denar\.m2\repository\io\smallrye\jandex\3.1.2\jandex-3.1.2.jar;C:\Users\denar\.m2\repository\com\fasterxml\classmate\1.6.0\classmate-1.6.0.jar;C:\Users\denar\.m2\repository\org\glassfish\jaxb\jaxb-runtime\4.0.5\jaxb-runtime-4.0.5.jar;C:\Users\denar\.m2\repository\org\glassfish\jaxb\jaxb-core\4.0.5\jaxb-core-4.0.5.jar;C:\Users\denar\.m2\repository\org\eclipse\angus\angus-activation\2.0.2\angus-activation-2.0.2.jar;C:\Users\denar\.m2\repository\org\glassfish\jaxb\txw2\4.0.5\txw2-4.0.5.jar;C:\Users\denar\.m2\repository\com\sun\istack\istack-commons-runtime\4.1.2\istack-commons-runtime-4.1.2.jar;C:\Users\denar\.m2\repository\jakarta\inject\jakarta.inject-api\2.0.1\jakarta.inject-api-2.0.1.jar;C:\Users\denar\.m2\repository\org\antlr\antlr4-runtime\4.13.0\antlr4-runtime-4.13.0.jar;C:\Users\denar\.m2\repository\org\springframework\data\spring-data-jpa\3.2.11-SNAPSHOT\spring-data-jpa-3.2.11-SNAPSHOT.jar;C:\Users\denar\.m2\repository\org\springframework\data\spring-data-commons\3.2.11-SNAPSHOT\spring-data-commons-3.2.11-SNAPSHOT.jar;C:\Users\denar\.m2\repository\org\springframework\spring-orm\6.1.14-SNAPSHOT\spring-orm-6.1.14-SNAPSHOT.jar;C:\Users\denar\.m2\repository\org\springframework\spring-tx\6.1.14-SNAPSHOT\spring-tx-6.1.14-SNAPSHOT.jar;C:\Users\denar\.m2\repository\org\springframework\spring-aspects\6.1.14-SNAPSHOT\spring-aspects-6.1.14-SNAPSHOT.jar;C:\Users\denar\.m2\repository\junit\junit\4.13.1\junit-4.13.1.jar;C:\Users\denar\.m2\repository\org\hamcrest\hamcrest-core\2.2\hamcrest-core-2.2.jar;"/>
    <property name="sun.cpu.endian" value="little"/>
    <property name="user.home" value="C:\Users\denar"/>
    <property name="user.language" value="es"/>
    <property name="java.specification.vendor" value="Oracle Corporation"/>
    <property name="java.version.date" value="2024-01-16"/>
    <property name="java.home" value="C:\Program Files\Java\jdk-21"/>
    <property name="file.separator" value="\"/>
    <property name="basedir" value="C:\Users\denar\Downloads\products\products"/>
    <property name="java.vm.compressedOopsMode" value="Zero based"/>
    <property name="line.separator" value="&#10;"/>
    <property name="java.vm.specification.vendor" value="Oracle Corporation"/>
    <property name="java.specification.name" value="Java Platform API Specification"/>
    <property name="surefire.real.class.path" value="C:\Users\denar\AppData\Local\Temp\surefire14614724013743598045\surefirebooter-20241016212406008_3.jar"/>
    <property name="user.script" value=""/>
    <property name="sun.management.compiler" value="HotSpot 64-Bit Tiered Compilers"/>
    <property name="java.runtime.version" value="21.0.2+13-LTS-58"/>
    <property name="user.name" value="denar"/>
    <property name="stdout.encoding" value="Cp1252"/>
    <property name="path.separator" value=";"/>
    <property name="os.version" value="10.0"/>
    <property name="java.runtime.name" value="Java(TM) SE Runtime Environment"/>
    <property name="file.encoding" value="UTF-8"/>
    <property name="java.vm.name" value="Java HotSpot(TM) 64-Bit Server VM"/>
    <property name="localRepository" value="C:\Users\denar\.m2\repository"/>
    <property name="java.vendor.url.bug" value="https://bugreport.java.com/bugreport/"/>
    <property name="java.io.tmpdir" value="C:\Users\denar\AppData\Local\Temp\"/>
    <property name="idea.version" value="2024.2.0.2"/>
    <property name="java.version" value="21.0.2"/>
    <property name="user.dir" value="C:\Users\denar\Downloads\products\products"/>
    <property name="os.arch" value="amd64"/>
    <property name="java.vm.specification.name" value="Java Virtual Machine Specification"/>
    <property name="sun.os.patch.level" value=""/>
    <property name="native.encoding" value="Cp1252"/>
    <property name="java.library.path" value="C:\Program Files\Java\jdk-21\bin;C:\Windows\Sun\Java\bin;C:\Windows\system32;C:\Windows;C:\Program Files\OpenSSH\;C:\Program Files\Common Files\Oracle\Java\javapath;C:\Program Files (x86)\Common Files\Oracle\Java\javapath;C:\Windows\system32;C:\Windows;C:\Windows\System32\Wbem;C:\Windows\System32\WindowsPowerShell\v1.0\;C:\Windows\System32\OpenSSH\;C:\Program Files\Kubernetes\Minikube;C:\Program Files\Git\cmd;C:\Users\denar\OneDrive\Documentos\Repositorio\Herramientas\Hazelcast;C:\Users\denar\OneDrive\Documentos\helm-v3.14.0-windows-amd64\windows-amd64;C:\Program Files\dotnet\;C:\ProgramData\chocolatey\bin;C:\Program Files\OpenSSH-Win64;C:\apache-maven-3.9.6\bin;C:\Program Files\Java\jdk-17\bin;;C:\Program Files\nodejs\;C:\Program Files\Docker\Docker\resources\bin;C:\Users\denar\AppData\Local\Programs\Python\Python310\Scripts\;C:\Users\denar\AppData\Local\Programs\Python\Python310\;C:\Users\denar\AppData\Local\Microsoft\WindowsApps;C:\Users\denar\AppData\Local\GitHubDesktop\bin;C:\ProgramData\denar\GitHubDesktop\bin;C:\Users\denar\AppData\Local\Programs\Microsoft VS Code\bin;C:\Program Files (x86)\Nmap;C:\Users\denar\AppData\Roaming\npm;C:\Users\denar\AppData\Local\Google\Cloud SDK\google-cloud-sdk\bin;."/>
    <property name="java.vm.info" value="mixed mode, sharing"/>
    <property name="stderr.encoding" value="Cp1252"/>
    <property name="java.vendor" value="Oracle Corporation"/>
    <property name="java.vm.version" value="21.0.2+13-LTS-58"/>
    <property name="sun.io.unicode.encoding" value="UnicodeLittle"/>
    <property name="java.class.version" value="65.0"/>
  </properties>
  <testcase name="testListarProductos" classname="com.example.products.ProductoControllerTest" time="2.487">
    <system-out><![CDATA[21:24:09.256 [main] INFO org.springframework.mock.web.MockServletContext -- Initializing Spring TestDispatcherServlet ''
21:24:09.258 [main] INFO org.springframework.test.web.servlet.TestDispatcherServlet -- Initializing Servlet ''
21:24:09.263 [main] INFO org.springframework.test.web.servlet.TestDispatcherServlet -- Completed initialization in 3 ms
]]></system-out>
    <system-err><![CDATA[WARNING: A Java agent has been loaded dynamically (C:\Users\denar\.m2\repository\net\bytebuddy\byte-buddy-agent\1.14.19\byte-buddy-agent-1.14.19.jar)
WARNING: If a serviceability tool is in use, please run with -XX:+EnableDynamicAgentLoading to hide this warning
WARNING: If a serviceability tool is not in use, please run with -Djdk.instrument.traceUsage for more information
WARNING: Dynamic loading of agents will be disallowed by default in a future release
]]></system-err>
  </testcase>
  <testcase name="testEliminarProductoNoEncontrado" classname="com.example.products.ProductoControllerTest" time="0.052">
    <system-out><![CDATA[21:24:09.476 [main] INFO org.springframework.mock.web.MockServletContext -- Initializing Spring TestDispatcherServlet ''
21:24:09.476 [main] INFO org.springframework.test.web.servlet.TestDispatcherServlet -- Initializing Servlet ''
21:24:09.476 [main] INFO org.springframework.test.web.servlet.TestDispatcherServlet -- Completed initialization in 0 ms
]]></system-out>
  </testcase>
  <testcase name="testCrearProductoExito" classname="com.example.products.ProductoControllerTest" time="0.074">
    <system-out><![CDATA[21:24:09.528 [main] INFO org.springframework.mock.web.MockServletContext -- Initializing Spring TestDispatcherServlet ''
21:24:09.528 [main] INFO org.springframework.test.web.servlet.TestDispatcherServlet -- Initializing Servlet ''
21:24:09.528 [main] INFO org.springframework.test.web.servlet.TestDispatcherServlet -- Completed initialization in 0 ms
]]></system-out>
  </testcase>
  <testcase name="testActualizarProductoNoEncontrado" classname="com.example.products.ProductoControllerTest" time="0.014">
    <system-out><![CDATA[21:24:09.597 [main] INFO org.springframework.mock.web.MockServletContext -- Initializing Spring TestDispatcherServlet ''
21:24:09.597 [main] INFO org.springframework.test.web.servlet.TestDispatcherServlet -- Initializing Servlet ''
21:24:09.597 [main] INFO org.springframework.test.web.servlet.TestDispatcherServlet -- Completed initialization in 0 ms
]]></system-out>
  </testcase>
  <testcase name="testEliminarProductoExito" classname="com.example.products.ProductoControllerTest" time="0.046">
    <system-out><![CDATA[21:24:09.642 [main] INFO org.springframework.mock.web.MockServletContext -- Initializing Spring TestDispatcherServlet ''
21:24:09.642 [main] INFO org.springframework.test.web.servlet.TestDispatcherServlet -- Initializing Servlet ''
21:24:09.643 [main] INFO org.springframework.test.web.servlet.TestDispatcherServlet -- Completed initialization in 1 ms
]]></system-out>
  </testcase>
  <testcase name="testActualizarProductoExito" classname="com.example.products.ProductoControllerTest" time="0.013">
    <system-out><![CDATA[21:24:09.654 [main] INFO org.springframework.mock.web.MockServletContext -- Initializing Spring TestDispatcherServlet ''
21:24:09.654 [main] INFO org.springframework.test.web.servlet.TestDispatcherServlet -- Initializing Servlet ''
21:24:09.654 [main] INFO org.springframework.test.web.servlet.TestDispatcherServlet -- Completed initialization in 0 ms
]]></system-out>
  </testcase>
</testsuite>